<?xml version="1.0" encoding="UTF-8"?>
<!-- Generated by org.testng.reporters.JUnitReportReporter -->
<testsuite hostname="QB-TP3-2221" failures="0" tests="1" name="helixTest.HelixTest" time="2.272" errors="0" timestamp="2023-03-21T14:07:05 IST" skipped="0">
  <testcase classname="helixTest.HelixTest" name="Login_to_the_application_with_valid_credentials" time="2.272"/>
  <system-out/>
</testsuite> <!-- helixTest.HelixTest -->
